[debug] [2022-09-03T23:21:15.651Z] ----------------------------------------------------------------------
[debug] [2022-09-03T23:21:15.663Z] Command:       /home/kromate/.nvm/versions/node/v16.13.2/bin/node /home/kromate/.nvm/versions/node/v16.13.2/bin/firebase emulators:start --only functions
[debug] [2022-09-03T23:21:15.666Z] CLI Version:   10.2.1
[debug] [2022-09-03T23:21:15.668Z] Platform:      linux
[debug] [2022-09-03T23:21:15.669Z] Node Version:  v16.13.2
[debug] [2022-09-03T23:21:15.671Z] Time:          Sun Sep 04 2022 00:21:15 GMT+0100 (West Africa Standard Time)
[debug] [2022-09-03T23:21:15.673Z] ----------------------------------------------------------------------
[debug] 
[debug] [2022-09-03T23:21:16.186Z] Object "" in "firebase.json" has unknown property: {"additionalProperty":"runtime"}
[debug] [2022-09-03T23:21:16.214Z] > command requires scopes: ["email","openid","https://www.googleapis.com/auth/cloudplatformprojects.readonly","https://www.googleapis.com/auth/firebase","https://www.googleapis.com/auth/cloud-platform"]
[debug] [2022-09-03T23:21:16.217Z] > authorizing via signed-in user (akpananthony33@gmail.com)
[info] i  emulators: Starting emulators: functions {"metadata":{"emulator":{"name":"hub"},"message":"Starting emulators: functions"}}
[warn] ⚠  emulators: It seems that you are running multiple instances of the emulator suite for project anime-dom. This may result in unexpected behavior. 
[debug] [2022-09-03T23:21:16.404Z] [hub] writing locator at /tmp/hub-anime-dom.json
[warn] ⚠  functions: The following emulators are not running, calls to these services from the Functions emulator will affect production: auth, firestore, database, hosting, pubsub, storage {"metadata":{"emulator":{"name":"functions"},"message":"The following emulators are not running, calls to these services from the Functions emulator will affect production: \u001b[1mauth, firestore, database, hosting, pubsub, storage\u001b[22m"}}
[info] ✔  functions: Using node@16 from host. {"metadata":{"emulator":{"name":"functions"},"message":"Using node@16 from host."}}
[debug] [2022-09-03T23:21:16.516Z] defaultcredentials: writing to file /home/kromate/.config/firebase/akpananthony33_gmail_com_application_default_credentials.json
[debug] [2022-09-03T23:21:16.530Z] Setting GAC to /home/kromate/.config/firebase/akpananthony33_gmail_com_application_default_credentials.json {"metadata":{"emulator":{"name":"functions"},"message":"Setting GAC to /home/kromate/.config/firebase/akpananthony33_gmail_com_application_default_credentials.json"}}
[debug] [2022-09-03T23:21:16.540Z] > refreshing access token with scopes: []
[debug] [2022-09-03T23:21:16.545Z] >>> HTTP REQUEST POST https://www.googleapis.com/oauth2/v3/token  
 <request body omitted>
[debug] [2022-09-03T23:21:16.988Z] <<< HTTP RESPONSE 400 {"pragma":"no-cache","date":"Sat, 03 Sep 2022 23:21:16 GMT","expires":"Mon, 01 Jan 1990 00:00:00 GMT","cache-control":"no-cache, no-store, max-age=0, must-revalidate","content-type":"application/json; charset=utf-8","vary":"X-Origin, Referer, Origin,Accept-Encoding","server":"scaffolding on HTTPServer2","x-xss-protection":"0","x-frame-options":"SAMEORIGIN","x-content-type-options":"nosniff","alt-svc":"h3=\":443\"; ma=2592000,h3-29=\":443\"; ma=2592000,h3-Q050=\":443\"; ma=2592000,h3-Q046=\":443\"; ma=2592000,h3-Q043=\":443\"; ma=2592000,quic=\":443\"; ma=2592000; v=\"46,43\"","accept-ranges":"none","transfer-encoding":"chunked"}
[debug] [2022-09-03T23:21:16.998Z] >>> [apiv2][query] GET https://firebase.googleapis.com/v1beta1/projects/anime-dom/adminSdkConfig [none]
[debug] [2022-09-03T23:21:22.491Z] <<< [apiv2][status] GET https://firebase.googleapis.com/v1beta1/projects/anime-dom/adminSdkConfig 401
[debug] [2022-09-03T23:21:22.493Z] <<< [apiv2][body] GET https://firebase.googleapis.com/v1beta1/projects/anime-dom/adminSdkConfig {"error":{"code":401,"message":"Request had invalid authentication credentials. Expected OAuth 2 access token, login cookie or other valid authentication credential. See https://developers.google.com/identity/sign-in/web/devconsole-project.","status":"UNAUTHENTICATED"}}
[debug] [2022-09-03T23:21:22.497Z] Failed to get Admin SDK config for anime-dom, falling back to cacheFailed to get Admin SDK for Firebase project anime-dom. Please make sure the project exists and your account has permission to access it. {"name":"FirebaseError","children":[],"exit":2,"message":"Failed to get Admin SDK for Firebase project anime-dom. Please make sure the project exists and your account has permission to access it.","original":{"name":"FirebaseError","children":[],"context":{"body":{"error":{"code":401,"message":"Request had invalid authentication credentials. Expected OAuth 2 access token, login cookie or other valid authentication credential. See https://developers.google.com/identity/sign-in/web/devconsole-project.","status":"UNAUTHENTICATED"}},"response":{"statusCode":401}},"exit":1,"message":"HTTP Error: 401, Request had invalid authentication credentials. Expected OAuth 2 access token, login cookie or other valid authentication credential. See https://developers.google.com/identity/sign-in/web/devconsole-project.","status":401},"status":500}
[warn] ⚠  functions: Unable to fetch project Admin SDK configuration, Admin SDK behavior in Cloud Functions emulator may be incorrect. {"metadata":{"emulator":{"name":"functions"},"message":"Unable to fetch project Admin SDK configuration, Admin SDK behavior in Cloud Functions emulator may be incorrect."}}
[warn] ⚠  ui: Emulator UI unable to start on port 4000, starting on 4001 instead. {"metadata":{"emulator":{"name":"ui"},"message":"Emulator UI unable to start on port 4000, starting on 4001 instead."}}
[debug] [2022-09-03T23:21:22.601Z] Ignoring unsupported arg: auto_download {"metadata":{"emulator":{"name":"ui"},"message":"Ignoring unsupported arg: auto_download"}}
[debug] [2022-09-03T23:21:22.602Z] Ignoring unsupported arg: port {"metadata":{"emulator":{"name":"ui"},"message":"Ignoring unsupported arg: port"}}
[debug] [2022-09-03T23:21:22.603Z] Starting Emulator UI with command {"binary":"node","args":["/home/kromate/.cache/firebase/emulators/ui-v1.6.5/server.bundle.js"],"optionalArgs":[],"joinArgs":false} {"metadata":{"emulator":{"name":"ui"},"message":"Starting Emulator UI with command {\"binary\":\"node\",\"args\":[\"/home/kromate/.cache/firebase/emulators/ui-v1.6.5/server.bundle.js\"],\"optionalArgs\":[],\"joinArgs\":false}"}}
[info] i  ui: Emulator UI logging to ui-debug.log {"metadata":{"emulator":{"name":"ui"},"message":"Emulator UI logging to \u001b[1mui-debug.log\u001b[22m"}}
[debug] [2022-09-03T23:21:23.274Z] Web / API server started at localhost:4001
 {"metadata":{"emulator":{"name":"ui"},"message":"Web / API server started at localhost:4001\n"}}
[info] i  functions: Watching "/home/kromate/Desktop/Firebase-Animedom-API/functions" for Cloud Functions... {"metadata":{"emulator":{"name":"functions"},"message":"Watching \"/home/kromate/Desktop/Firebase-Animedom-API/functions\" for Cloud Functions..."}}
[debug] [2022-09-03T23:21:23.461Z] Validating nodejs source
[debug] [2022-09-03T23:21:35.249Z] > [functions] package.json contents: {
  "name": "functions",
  "description": "Cloud Functions for Firebase",
  "scripts": {
    "serve": "firebase emulators:start --only functions",
    "shell": "firebase functions:shell",
    "start": "npm run shell",
    "deploy": "firebase deploy --only functions",
    "logs": "firebase functions:log"
  },
  "engines": {
    "node": "16"
  },
  "main": "index.js",
  "dependencies": {
    "firebase-admin": "^9.8.0",
    "firebase-functions": "^3.14.1"
  },
  "devDependencies": {
    "firebase-functions-test": "^0.2.0"
  },
  "private": true
}
[debug] [2022-09-03T23:21:35.251Z] Building nodejs source
[debug] [2022-09-03T23:21:35.252Z] Analyzing nodejs backend spec
[debug] [2022-09-03T23:21:35.346Z] [work-queue] {"queueLength":1,"workRunningCount":0}
[debug] [2022-09-03T23:21:35.349Z] [work-queue] {"queueLength":0,"workRunningCount":1}
[debug] [2022-09-03T23:21:35.365Z] [work-queue] {"queueLength":0,"workRunningCount":0}
[info] ✔  functions[us-central1-letters]: http function initialized (http://localhost:5001/anime-dom/us-central1/letters). {"metadata":{"emulator":{"name":"functions"},"message":"\u001b[1mhttp\u001b[22m function initialized (http://localhost:5001/anime-dom/us-central1/letters)."}}
[info] ✔  functions[us-central1-gl]: http function initialized (http://localhost:5001/anime-dom/us-central1/gl). {"metadata":{"emulator":{"name":"functions"},"message":"\u001b[1mhttp\u001b[22m function initialized (http://localhost:5001/anime-dom/us-central1/gl)."}}
[info] ✔  functions[us-central1-genres]: http function initialized (http://localhost:5001/anime-dom/us-central1/genres). {"metadata":{"emulator":{"name":"functions"},"message":"\u001b[1mhttp\u001b[22m function initialized (http://localhost:5001/anime-dom/us-central1/genres)."}}
[info] ✔  functions[us-central1-popular]: http function initialized (http://localhost:5001/anime-dom/us-central1/popular). {"metadata":{"emulator":{"name":"functions"},"message":"\u001b[1mhttp\u001b[22m function initialized (http://localhost:5001/anime-dom/us-central1/popular)."}}
[info] ✔  functions[us-central1-recent]: http function initialized (http://localhost:5001/anime-dom/us-central1/recent). {"metadata":{"emulator":{"name":"functions"},"message":"\u001b[1mhttp\u001b[22m function initialized (http://localhost:5001/anime-dom/us-central1/recent)."}}
[info] ✔  functions[us-central1-search]: http function initialized (http://localhost:5001/anime-dom/us-central1/search). {"metadata":{"emulator":{"name":"functions"},"message":"\u001b[1mhttp\u001b[22m function initialized (http://localhost:5001/anime-dom/us-central1/search)."}}
[info] ✔  functions[us-central1-desc]: http function initialized (http://localhost:5001/anime-dom/us-central1/desc). {"metadata":{"emulator":{"name":"functions"},"message":"\u001b[1mhttp\u001b[22m function initialized (http://localhost:5001/anime-dom/us-central1/desc)."}}
[info] ✔  functions[us-central1-episodes]: http function initialized (http://localhost:5001/anime-dom/us-central1/episodes). {"metadata":{"emulator":{"name":"functions"},"message":"\u001b[1mhttp\u001b[22m function initialized (http://localhost:5001/anime-dom/us-central1/episodes)."}}
[info] ✔  functions[us-central1-downloadLink]: http function initialized (http://localhost:5001/anime-dom/us-central1/downloadLink). {"metadata":{"emulator":{"name":"functions"},"message":"\u001b[1mhttp\u001b[22m function initialized (http://localhost:5001/anime-dom/us-central1/downloadLink)."}}
[info] 
┌─────────────────────────────────────────────────────────────┐
│ ✔  All emulators ready! It is now safe to connect your app. │
│ i  View Emulator UI at http://localhost:4001                │
└─────────────────────────────────────────────────────────────┘

┌───────────┬────────────────┬─────────────────────────────────┐
│ Emulator  │ Host:Port      │ View in Emulator UI             │
├───────────┼────────────────┼─────────────────────────────────┤
│ Functions │ localhost:5001 │ http://localhost:4001/functions │
└───────────┴────────────────┴─────────────────────────────────┘
  Emulator Hub running at localhost:4400
  Other reserved ports: 4500

Issues? Report them at https://github.com/firebase/firebase-tools/issues and attach the *-debug.log files.
 
[debug] [2022-09-03T23:22:05.718Z] [work-queue] {"queueLength":1,"workRunningCount":0}
[debug] [2022-09-03T23:22:05.721Z] [work-queue] {"queueLength":0,"workRunningCount":1}
[debug] [2022-09-03T23:22:05.722Z] Accepted request GET /anime-dom/us-central1/downloadLink/?link=kanojo-okarishimasu-2nd-season-episode-1 --> us-central1-downloadLink
[debug] [2022-09-03T23:22:05.765Z] [worker-pool] addWorker(us-central1-downloadLink) {"metadata":{"emulator":{"name":"functions"},"message":"[worker-pool] addWorker(us-central1-downloadLink)"}}
[debug] [2022-09-03T23:22:05.768Z] [worker-pool] Adding worker with key us-central1-downloadLink, total=1 {"metadata":{"emulator":{"name":"functions"},"message":"[worker-pool] Adding worker with key us-central1-downloadLink, total=1"}}
[debug] [2022-09-03T23:22:05.769Z] [worker-pool] submitWork(triggerId=us-central1-downloadLink) {"metadata":{"emulator":{"name":"functions"},"message":"[worker-pool] submitWork(triggerId=us-central1-downloadLink)"}}
[debug] [2022-09-03T23:22:05.772Z] [worker-us-central1-downloadLink-b0799f4f-1d4d-4183-8343-1856f974f474]: Assigning socketPath: /tmp/fire_emu_8387.sock {"metadata":{"emulator":{"name":"functions"},"message":"[worker-us-central1-downloadLink-b0799f4f-1d4d-4183-8343-1856f974f474]: Assigning socketPath: /tmp/fire_emu_8387.sock"}}
[debug] [2022-09-03T23:22:05.774Z] [worker-us-central1-downloadLink-b0799f4f-1d4d-4183-8343-1856f974f474]: BUSY {"metadata":{"emulator":{"name":"functions"},"message":"[worker-us-central1-downloadLink-b0799f4f-1d4d-4183-8343-1856f974f474]: BUSY"}}
[debug] [2022-09-03T23:22:10.702Z] [runtime-status] [8387] Functions runtime initialized. {"cwd":"/home/kromate/Desktop/Firebase-Animedom-API/functions","node_version":"16.13.2"} {"metadata":{"emulator":{"name":"functions"},"function":{"name":"us-central1-downloadLink"},"message":"[runtime-status] [8387] Functions runtime initialized. {\"cwd\":\"/home/kromate/Desktop/Firebase-Animedom-API/functions\",\"node_version\":\"16.13.2\"}"}}
[debug] [2022-09-03T23:22:10.729Z] [runtime-status] [8387] Disabled runtime features: undefined {"metadata":{"emulator":{"name":"functions"},"function":{"name":"us-central1-downloadLink"},"message":"[runtime-status] [8387] Disabled runtime features: undefined"}}
[debug] [2022-09-03T23:22:10.741Z] [runtime-status] [8387] Resolved module firebase-admin {"declared":true,"installed":true,"version":"9.12.0","resolution":"/home/kromate/Desktop/Firebase-Animedom-API/functions/node_modules/firebase-admin/lib/index.js"} {"metadata":{"emulator":{"name":"functions"},"function":{"name":"us-central1-downloadLink"},"message":"[runtime-status] [8387] Resolved module firebase-admin {\"declared\":true,\"installed\":true,\"version\":\"9.12.0\",\"resolution\":\"/home/kromate/Desktop/Firebase-Animedom-API/functions/node_modules/firebase-admin/lib/index.js\"}"}}
[debug] [2022-09-03T23:22:10.748Z] [runtime-status] [8387] Resolved module firebase-functions {"declared":true,"installed":true,"version":"3.23.0","resolution":"/home/kromate/Desktop/Firebase-Animedom-API/functions/node_modules/firebase-functions/lib/index.js"} {"metadata":{"emulator":{"name":"functions"},"function":{"name":"us-central1-downloadLink"},"message":"[runtime-status] [8387] Resolved module firebase-functions {\"declared\":true,\"installed\":true,\"version\":\"3.23.0\",\"resolution\":\"/home/kromate/Desktop/Firebase-Animedom-API/functions/node_modules/firebase-functions/lib/index.js\"}"}}
[debug] [2022-09-03T23:22:10.751Z] [runtime-status] [8387] Outgoing network have been stubbed. [{"name":"http","status":"mocked"},{"name":"http","status":"mocked"},{"name":"https","status":"mocked"},{"name":"https","status":"mocked"},{"name":"net","status":"mocked"}] {"metadata":{"emulator":{"name":"functions"},"function":{"name":"us-central1-downloadLink"},"message":"[runtime-status] [8387] Outgoing network have been stubbed. [{\"name\":\"http\",\"status\":\"mocked\"},{\"name\":\"http\",\"status\":\"mocked\"},{\"name\":\"https\",\"status\":\"mocked\"},{\"name\":\"https\",\"status\":\"mocked\"},{\"name\":\"net\",\"status\":\"mocked\"}]"}}
[debug] [2022-09-03T23:22:10.754Z] [runtime-status] [8387] Resolved module firebase-functions {"declared":true,"installed":true,"version":"3.23.0","resolution":"/home/kromate/Desktop/Firebase-Animedom-API/functions/node_modules/firebase-functions/lib/index.js"} {"metadata":{"emulator":{"name":"functions"},"function":{"name":"us-central1-downloadLink"},"message":"[runtime-status] [8387] Resolved module firebase-functions {\"declared\":true,\"installed\":true,\"version\":\"3.23.0\",\"resolution\":\"/home/kromate/Desktop/Firebase-Animedom-API/functions/node_modules/firebase-functions/lib/index.js\"}"}}
[debug] [2022-09-03T23:22:10.982Z] [runtime-status] [8387] Checked functions.config() {"config":{}} {"metadata":{"emulator":{"name":"functions"},"function":{"name":"us-central1-downloadLink"},"message":"[runtime-status] [8387] Checked functions.config() {\"config\":{}}"}}
[debug] [2022-09-03T23:22:10.984Z] [runtime-status] [8387] firebase-functions has been stubbed. {"functionsResolution":{"declared":true,"installed":true,"version":"3.23.0","resolution":"/home/kromate/Desktop/Firebase-Animedom-API/functions/node_modules/firebase-functions/lib/index.js"}} {"metadata":{"emulator":{"name":"functions"},"function":{"name":"us-central1-downloadLink"},"message":"[runtime-status] [8387] firebase-functions has been stubbed. {\"functionsResolution\":{\"declared\":true,\"installed\":true,\"version\":\"3.23.0\",\"resolution\":\"/home/kromate/Desktop/Firebase-Animedom-API/functions/node_modules/firebase-functions/lib/index.js\"}}"}}
[debug] [2022-09-03T23:22:10.990Z] [runtime-status] [8387] Resolved module firebase-functions {"declared":true,"installed":true,"version":"3.23.0","resolution":"/home/kromate/Desktop/Firebase-Animedom-API/functions/node_modules/firebase-functions/lib/index.js"} {"metadata":{"emulator":{"name":"functions"},"function":{"name":"us-central1-downloadLink"},"message":"[runtime-status] [8387] Resolved module firebase-functions {\"declared\":true,\"installed\":true,\"version\":\"3.23.0\",\"resolution\":\"/home/kromate/Desktop/Firebase-Animedom-API/functions/node_modules/firebase-functions/lib/index.js\"}"}}
[debug] [2022-09-03T23:22:10.996Z] [runtime-status] [8387] Resolved module firebase-admin {"declared":true,"installed":true,"version":"9.12.0","resolution":"/home/kromate/Desktop/Firebase-Animedom-API/functions/node_modules/firebase-admin/lib/index.js"} {"metadata":{"emulator":{"name":"functions"},"function":{"name":"us-central1-downloadLink"},"message":"[runtime-status] [8387] Resolved module firebase-admin {\"declared\":true,\"installed\":true,\"version\":\"9.12.0\",\"resolution\":\"/home/kromate/Desktop/Firebase-Animedom-API/functions/node_modules/firebase-admin/lib/index.js\"}"}}
[debug] [2022-09-03T23:22:11.000Z] [runtime-status] [8387] Resolved module firebase-functions {"declared":true,"installed":true,"version":"3.23.0","resolution":"/home/kromate/Desktop/Firebase-Animedom-API/functions/node_modules/firebase-functions/lib/index.js"} {"metadata":{"emulator":{"name":"functions"},"function":{"name":"us-central1-downloadLink"},"message":"[runtime-status] [8387] Resolved module firebase-functions {\"declared\":true,\"installed\":true,\"version\":\"3.23.0\",\"resolution\":\"/home/kromate/Desktop/Firebase-Animedom-API/functions/node_modules/firebase-functions/lib/index.js\"}"}}
[debug] [2022-09-03T23:22:11.002Z] [runtime-status] [8387] firebase-admin has been stubbed. {"adminResolution":{"declared":true,"installed":true,"version":"9.12.0","resolution":"/home/kromate/Desktop/Firebase-Animedom-API/functions/node_modules/firebase-admin/lib/index.js"}} {"metadata":{"emulator":{"name":"functions"},"function":{"name":"us-central1-downloadLink"},"message":"[runtime-status] [8387] firebase-admin has been stubbed. {\"adminResolution\":{\"declared\":true,\"installed\":true,\"version\":\"9.12.0\",\"resolution\":\"/home/kromate/Desktop/Firebase-Animedom-API/functions/node_modules/firebase-admin/lib/index.js\"}}"}}
[debug] [2022-09-03T23:22:12.220Z] [runtime-status] [8387] Beginning invocation function downloadLink! {"metadata":{"emulator":{"name":"functions"},"function":{"name":"us-central1-downloadLink"},"message":"[runtime-status] [8387] Beginning invocation function downloadLink!"}}
[info] i  functions: Beginning execution of "downloadLink" {"metadata":{"emulator":{"name":"functions"},"function":{"name":"us-central1-downloadLink"},"message":"Beginning execution of \"downloadLink\""}}
[debug] [2022-09-03T23:22:12.226Z] [runtime-status] [8387] Running downloadLink in signature http {"metadata":{"emulator":{"name":"functions"},"function":{"name":"us-central1-downloadLink"},"message":"[runtime-status] [8387] Running downloadLink in signature http"}}
[debug] [2022-09-03T23:22:12.247Z] [runtime-status] [8387] Attempting to listen to socketPath: /tmp/fire_emu_8387.sock {"metadata":{"emulator":{"name":"functions"},"function":{"name":"us-central1-downloadLink"},"message":"[runtime-status] [8387] Attempting to listen to socketPath: /tmp/fire_emu_8387.sock"}}
[debug] [2022-09-03T23:22:12.276Z] [functions] Runtime ready! Sending request! {"metadata":{"emulator":{"name":"functions"},"message":"[functions] Runtime ready! Sending request!"}}
[debug] [2022-09-03T23:22:12.282Z] [functions] Got req.url=/anime-dom/us-central1/downloadLink/?link=kanojo-okarishimasu-2nd-season-episode-1, mapping to path=/?link=kanojo-okarishimasu-2nd-season-episode-1 {"metadata":{"emulator":{"name":"functions"},"message":"[functions] Got req.url=/anime-dom/us-central1/downloadLink/?link=kanojo-okarishimasu-2nd-season-episode-1, mapping to path=/?link=kanojo-okarishimasu-2nd-season-episode-1"}}
[debug] [2022-09-03T23:22:12.321Z] [runtime-status] [8387] Ephemeral server handling GET request {"metadata":{"emulator":{"name":"functions"},"function":{"name":"us-central1-downloadLink"},"message":"[runtime-status] [8387] Ephemeral server handling GET request"}}
[debug] [2022-09-03T23:22:12.332Z] [runtime-status] [8387] Ephemeral server survived. {"metadata":{"emulator":{"name":"functions"},"function":{"name":"us-central1-downloadLink"},"message":"[runtime-status] [8387] Ephemeral server survived."}}
[info] >  TimeoutError: waiting for selector `.details-book-cover > img` failed: timeout 30000ms exceeded {"user":"TimeoutError: waiting for selector `.details-book-cover > img` failed: timeout 30000ms exceeded","metadata":{"emulator":{"name":"functions"},"function":{"name":"us-central1-downloadLink"},"message":"\u001b[90m> \u001b[39m TimeoutError: waiting for selector `.details-book-cover > img` failed: timeout 30000ms exceeded"}}
[info] >      at new WaitTask (/home/kromate/Desktop/Firebase-Animedom-API/node_modules/puppeteer/lib/cjs/puppeteer/common/DOMWorld.js:505:34) {"user":"    at new WaitTask (/home/kromate/Desktop/Firebase-Animedom-API/node_modules/puppeteer/lib/cjs/puppeteer/common/DOMWorld.js:505:34)","metadata":{"emulator":{"name":"functions"},"function":{"name":"us-central1-downloadLink"},"message":"\u001b[90m> \u001b[39m     at new WaitTask (/home/kromate/Desktop/Firebase-Animedom-API/node_modules/puppeteer/lib/cjs/puppeteer/common/DOMWorld.js:505:34)"}}
[info] >      at DOMWorld.waitForSelectorInPage (/home/kromate/Desktop/Firebase-Animedom-API/node_modules/puppeteer/lib/cjs/puppeteer/common/DOMWorld.js:416:26) {"user":"    at DOMWorld.waitForSelectorInPage (/home/kromate/Desktop/Firebase-Animedom-API/node_modules/puppeteer/lib/cjs/puppeteer/common/DOMWorld.js:416:26)","metadata":{"emulator":{"name":"functions"},"function":{"name":"us-central1-downloadLink"},"message":"\u001b[90m> \u001b[39m     at DOMWorld.waitForSelectorInPage (/home/kromate/Desktop/Firebase-Animedom-API/node_modules/puppeteer/lib/cjs/puppeteer/common/DOMWorld.js:416:26)"}}
[info] >      at Object.internalHandler.waitFor (/home/kromate/Desktop/Firebase-Animedom-API/node_modules/puppeteer/lib/cjs/puppeteer/common/QueryHandler.js:31:77) {"user":"    at Object.internalHandler.waitFor (/home/kromate/Desktop/Firebase-Animedom-API/node_modules/puppeteer/lib/cjs/puppeteer/common/QueryHandler.js:31:77)","metadata":{"emulator":{"name":"functions"},"function":{"name":"us-central1-downloadLink"},"message":"\u001b[90m> \u001b[39m     at Object.internalHandler.waitFor (/home/kromate/Desktop/Firebase-Animedom-API/node_modules/puppeteer/lib/cjs/puppeteer/common/QueryHandler.js:31:77)"}}
[info] >      at DOMWorld.waitForSelector (/home/kromate/Desktop/Firebase-Animedom-API/node_modules/puppeteer/lib/cjs/puppeteer/common/DOMWorld.js:312:29) {"user":"    at DOMWorld.waitForSelector (/home/kromate/Desktop/Firebase-Animedom-API/node_modules/puppeteer/lib/cjs/puppeteer/common/DOMWorld.js:312:29)","metadata":{"emulator":{"name":"functions"},"function":{"name":"us-central1-downloadLink"},"message":"\u001b[90m> \u001b[39m     at DOMWorld.waitForSelector (/home/kromate/Desktop/Firebase-Animedom-API/node_modules/puppeteer/lib/cjs/puppeteer/common/DOMWorld.js:312:29)"}}
[info] >      at Frame.waitForSelector (/home/kromate/Desktop/Firebase-Animedom-API/node_modules/puppeteer/lib/cjs/puppeteer/common/FrameManager.js:842:51) {"user":"    at Frame.waitForSelector (/home/kromate/Desktop/Firebase-Animedom-API/node_modules/puppeteer/lib/cjs/puppeteer/common/FrameManager.js:842:51)","metadata":{"emulator":{"name":"functions"},"function":{"name":"us-central1-downloadLink"},"message":"\u001b[90m> \u001b[39m     at Frame.waitForSelector (/home/kromate/Desktop/Firebase-Animedom-API/node_modules/puppeteer/lib/cjs/puppeteer/common/FrameManager.js:842:51)"}}
[info] >      at Page.waitForSelector (/home/kromate/Desktop/Firebase-Animedom-API/node_modules/puppeteer/lib/cjs/puppeteer/common/Page.js:1285:33) {"user":"    at Page.waitForSelector (/home/kromate/Desktop/Firebase-Animedom-API/node_modules/puppeteer/lib/cjs/puppeteer/common/Page.js:1285:33)","metadata":{"emulator":{"name":"functions"},"function":{"name":"us-central1-downloadLink"},"message":"\u001b[90m> \u001b[39m     at Page.waitForSelector (/home/kromate/Desktop/Firebase-Animedom-API/node_modules/puppeteer/lib/cjs/puppeteer/common/Page.js:1285:33)"}}
[info] >      at /home/kromate/Desktop/Firebase-Animedom-API/functions/index.js:253:24 {"user":"    at /home/kromate/Desktop/Firebase-Animedom-API/functions/index.js:253:24","metadata":{"emulator":{"name":"functions"},"function":{"name":"us-central1-downloadLink"},"message":"\u001b[90m> \u001b[39m     at /home/kromate/Desktop/Firebase-Animedom-API/functions/index.js:253:24"}}
[info] >      at processTicksAndRejections (node:internal/process/task_queues:96:5) {"user":"    at processTicksAndRejections (node:internal/process/task_queues:96:5)","metadata":{"emulator":{"name":"functions"},"function":{"name":"us-central1-downloadLink"},"message":"\u001b[90m> \u001b[39m     at processTicksAndRejections (node:internal/process/task_queues:96:5)"}}
[warn] ⚠  functions: Your function timed out after ~60s. To configure this timeout, see
      https://firebase.google.com/docs/functions/manage-functions#set_timeout_and_memory_allocation. {"metadata":{"emulator":{"name":"functions"},"function":{"name":"us-central1-downloadLink"},"message":"Your function timed out after ~60s. To configure this timeout, see\n      https://firebase.google.com/docs/functions/manage-functions#set_timeout_and_memory_allocation."}}
[info] >  /home/kromate/.nvm/versions/node/v16.13.2/lib/node_modules/firebase-tools/lib/emulator/functionsEmulatorRuntime.js:633 {"user":"/home/kromate/.nvm/versions/node/v16.13.2/lib/node_modules/firebase-tools/lib/emulator/functionsEmulatorRuntime.js:633","metadata":{"emulator":{"name":"functions"},"function":{"name":"us-central1-downloadLink"},"message":"\u001b[90m> \u001b[39m /home/kromate/.nvm/versions/node/v16.13.2/lib/node_modules/firebase-tools/lib/emulator/functionsEmulatorRuntime.js:633"}}
[info] >              throw new Error("Function timed out."); {"user":"            throw new Error(\"Function timed out.\");","metadata":{"emulator":{"name":"functions"},"function":{"name":"us-central1-downloadLink"},"message":"\u001b[90m> \u001b[39m             throw new Error(\"Function timed out.\");"}}
[info] >              ^ {"user":"            ^","metadata":{"emulator":{"name":"functions"},"function":{"name":"us-central1-downloadLink"},"message":"\u001b[90m> \u001b[39m             ^"}}
[info] >   {"user":"","metadata":{"emulator":{"name":"functions"},"function":{"name":"us-central1-downloadLink"},"message":"\u001b[90m> \u001b[39m "}}
[info] >  Error: Function timed out. {"user":"Error: Function timed out.","metadata":{"emulator":{"name":"functions"},"function":{"name":"us-central1-downloadLink"},"message":"\u001b[90m> \u001b[39m Error: Function timed out."}}
[info] >      at Timeout._onTimeout (/home/kromate/.nvm/versions/node/v16.13.2/lib/node_modules/firebase-tools/lib/emulator/functionsEmulatorRuntime.js:633:19) {"user":"    at Timeout._onTimeout (/home/kromate/.nvm/versions/node/v16.13.2/lib/node_modules/firebase-tools/lib/emulator/functionsEmulatorRuntime.js:633:19)","metadata":{"emulator":{"name":"functions"},"function":{"name":"us-central1-downloadLink"},"message":"\u001b[90m> \u001b[39m     at Timeout._onTimeout (/home/kromate/.nvm/versions/node/v16.13.2/lib/node_modules/firebase-tools/lib/emulator/functionsEmulatorRuntime.js:633:19)"}}
[info] >      at listOnTimeout (node:internal/timers:557:17) {"user":"    at listOnTimeout (node:internal/timers:557:17)","metadata":{"emulator":{"name":"functions"},"function":{"name":"us-central1-downloadLink"},"message":"\u001b[90m> \u001b[39m     at listOnTimeout (node:internal/timers:557:17)"}}
[info] >      at processTimers (node:internal/timers:500:7) {"user":"    at processTimers (node:internal/timers:500:7)","metadata":{"emulator":{"name":"functions"},"function":{"name":"us-central1-downloadLink"},"message":"\u001b[90m> \u001b[39m     at processTimers (node:internal/timers:500:7)"}}
[debug] [2022-09-03T23:23:12.566Z] [worker-us-central1-downloadLink-b0799f4f-1d4d-4183-8343-1856f974f474]: exited {"metadata":{"emulator":{"name":"functions"},"message":"[worker-us-central1-downloadLink-b0799f4f-1d4d-4183-8343-1856f974f474]: exited"}}
[debug] [2022-09-03T23:23:12.567Z] [worker-us-central1-downloadLink-b0799f4f-1d4d-4183-8343-1856f974f474]: FINISHED {"metadata":{"emulator":{"name":"functions"},"message":"[worker-us-central1-downloadLink-b0799f4f-1d4d-4183-8343-1856f974f474]: FINISHED"}}
[debug] [2022-09-03T23:23:12.568Z] [work-queue] {"queueLength":0,"workRunningCount":0}
